<?xml version="1.0" encoding="UTF-8"?>
<coverage generated="1592309151109" clover="3.2.0">
  <project timestamp="1592309151110" name="All files">
    <metrics statements="59" coveredstatements="55" conditionals="42" coveredconditionals="29" methods="17" coveredmethods="16" elements="118" coveredelements="100" complexity="0" loc="59" ncloc="59" packages="1" files="1" classes="1"/>
    <file name="completeSelect.vue" path="/Users/carol/Documents/MyChromeDevUserData/webproject/permance/completeSelect/src/myplugin/completeSelect.vue">
      <metrics statements="59" coveredstatements="55" conditionals="42" coveredconditionals="29" methods="17" coveredmethods="16"/>
      <line num="2" count="1" type="cond" truecount="2" falsecount="1"/>
      <line num="3" count="1" type="stmt"/>
      <line num="4" count="1" type="cond" truecount="1" falsecount="3"/>
      <line num="5" count="0" type="stmt"/>
      <line num="6" count="0" type="cond" truecount="0" falsecount="2"/>
      <line num="7" count="1" type="stmt"/>
      <line num="9" count="1" type="stmt"/>
      <line num="10" count="1" type="stmt"/>
      <line num="11" count="1" type="stmt"/>
      <line num="12" count="1" type="cond" truecount="1" falsecount="1"/>
      <line num="15" count="1" type="cond" truecount="2" falsecount="1"/>
      <line num="16" count="12" type="cond" truecount="2" falsecount="0"/>
      <line num="17" count="12" type="cond" truecount="3" falsecount="1"/>
      <line num="18" count="12" type="cond" truecount="2" falsecount="0"/>
      <line num="19" count="6" type="cond" truecount="3" falsecount="0"/>
      <line num="21" count="1" type="stmt"/>
      <line num="22" count="1" type="stmt"/>
      <line num="24" count="1" type="stmt"/>
      <line num="25" count="1" type="stmt"/>
      <line num="26" count="1" type="stmt"/>
      <line num="27" count="1" type="stmt"/>
      <line num="29" count="1" type="stmt"/>
      <line num="30" count="1" type="stmt"/>
      <line num="32" count="8" type="cond" truecount="3" falsecount="0"/>
      <line num="33" count="8" type="stmt"/>
      <line num="34" count="8" type="stmt"/>
      <line num="35" count="8" type="stmt"/>
      <line num="37" count="1" type="stmt"/>
      <line num="38" count="7" type="cond" truecount="2" falsecount="0"/>
      <line num="39" count="1" type="stmt"/>
      <line num="40" count="6" type="cond" truecount="1" falsecount="1"/>
      <line num="42" count="6" type="stmt"/>
      <line num="45" count="7" type="stmt"/>
      <line num="47" count="1" type="stmt"/>
      <line num="50" count="6" type="stmt"/>
      <line num="51" count="6" type="cond" truecount="2" falsecount="0"/>
      <line num="52" count="30" type="stmt"/>
      <line num="57" count="1" type="stmt"/>
      <line num="59" count="9" type="stmt"/>
      <line num="64" count="1" type="stmt"/>
      <line num="65" count="8" type="cond" truecount="2" falsecount="2"/>
      <line num="66" count="0" type="stmt"/>
      <line num="69" count="1" type="stmt"/>
      <line num="70" count="1" type="stmt"/>
      <line num="71" count="1" type="stmt"/>
      <line num="73" count="1" type="stmt"/>
      <line num="74" count="1" type="cond" truecount="1" falsecount="1"/>
      <line num="75" count="0" type="stmt"/>
      <line num="78" count="1" type="stmt"/>
      <line num="79" count="4" type="stmt"/>
      <line num="80" count="4" type="stmt"/>
      <line num="82" count="1" type="stmt"/>
      <line num="85" count="1" type="stmt"/>
      <line num="88" count="1" type="stmt"/>
      <line num="91" count="1" type="stmt"/>
      <line num="94" count="1" type="stmt"/>
      <line num="97" count="1" type="stmt"/>
      <line num="107" count="1" type="stmt"/>
      <line num="109" count="1" type="stmt"/>
    </file>
  </project>
</coverage>
