{"/Users/carol/Documents/MyChromeDevUserData/webproject/permance/completeSelect/src/myplugin/completeSelect.vue": {"path":"/Users/carol/Documents/MyChromeDevUserData/webproject/permance/completeSelect/src/myplugin/completeSelect.vue","statementMap":{"0":{"start":{"line":2,"column":0},"end":{"line":14,"column":null}},"1":{"start":{"line":3,"column":0},"end":{"line":8,"column":null}},"2":{"start":{"line":4,"column":0},"end":{"line":6,"column":null}},"3":{"start":{"line":5,"column":0},"end":{"line":5,"column":null}},"4":{"start":{"line":6,"column":0},"end":{"line":6,"column":null}},"5":{"start":{"line":7,"column":0},"end":{"line":7,"column":null}},"6":{"start":{"line":9,"column":0},"end":{"line":13,"column":null}},"7":{"start":{"line":10,"column":0},"end":{"line":10,"column":null}},"8":{"start":{"line":11,"column":0},"end":{"line":11,"column":null}},"9":{"start":{"line":12,"column":0},"end":{"line":12,"column":null}},"10":{"start":{"line":15,"column":0},"end":{"line":20,"column":null}},"11":{"start":{"line":16,"column":0},"end":{"line":16,"column":null}},"12":{"start":{"line":17,"column":0},"end":{"line":18,"column":null}},"13":{"start":{"line":17,"column":0},"end":{"line":17,"column":null}},"14":{"start":{"line":18,"column":0},"end":{"line":18,"column":null}},"15":{"start":{"line":19,"column":0},"end":{"line":19,"column":null}},"16":{"start":{"line":21,"column":0},"end":{"line":21,"column":null}},"17":{"start":{"line":22,"column":0},"end":{"line":22,"column":null}},"18":{"start":{"line":24,"column":0},"end":{"line":28,"column":null}},"19":{"start":{"line":25,"column":0},"end":{"line":25,"column":null}},"20":{"start":{"line":26,"column":0},"end":{"line":26,"column":null}},"21":{"start":{"line":27,"column":0},"end":{"line":27,"column":null}},"22":{"start":{"line":29,"column":0},"end":{"line":108,"column":null}},"23":{"start":{"line":30,"column":0},"end":{"line":30,"column":null}},"24":{"start":{"line":32,"column":0},"end":{"line":32,"column":null}},"25":{"start":{"line":33,"column":0},"end":{"line":33,"column":null}},"26":{"start":{"line":34,"column":0},"end":{"line":34,"column":null}},"27":{"start":{"line":35,"column":0},"end":{"line":35,"column":null}},"28":{"start":{"line":37,"column":0},"end":{"line":46,"column":null}},"29":{"start":{"line":38,"column":0},"end":{"line":43,"column":null}},"30":{"start":{"line":39,"column":0},"end":{"line":39,"column":null}},"31":{"start":{"line":40,"column":0},"end":{"line":43,"column":null}},"32":{"start":{"line":42,"column":0},"end":{"line":42,"column":null}},"33":{"start":{"line":45,"column":0},"end":{"line":45,"column":null}},"34":{"start":{"line":47,"column":0},"end":{"line":47,"column":null}},"35":{"start":{"line":50,"column":0},"end":{"line":50,"column":null}},"36":{"start":{"line":51,"column":0},"end":{"line":52,"column":null}},"37":{"start":{"line":52,"column":0},"end":{"line":52,"column":null}},"38":{"start":{"line":57,"column":0},"end":{"line":57,"column":null}},"39":{"start":{"line":59,"column":0},"end":{"line":59,"column":null}},"40":{"start":{"line":64,"column":0},"end":{"line":68,"column":null}},"41":{"start":{"line":65,"column":0},"end":{"line":67,"column":null}},"42":{"start":{"line":66,"column":0},"end":{"line":66,"column":null}},"43":{"start":{"line":69,"column":0},"end":{"line":72,"column":null}},"44":{"start":{"line":70,"column":0},"end":{"line":70,"column":null}},"45":{"start":{"line":71,"column":0},"end":{"line":71,"column":null}},"46":{"start":{"line":73,"column":0},"end":{"line":77,"column":null}},"47":{"start":{"line":74,"column":0},"end":{"line":76,"column":null}},"48":{"start":{"line":75,"column":0},"end":{"line":75,"column":null}},"49":{"start":{"line":78,"column":0},"end":{"line":81,"column":null}},"50":{"start":{"line":79,"column":0},"end":{"line":79,"column":null}},"51":{"start":{"line":80,"column":0},"end":{"line":80,"column":null}},"52":{"start":{"line":82,"column":0},"end":{"line":82,"column":null}},"53":{"start":{"line":85,"column":0},"end":{"line":85,"column":null}},"54":{"start":{"line":88,"column":0},"end":{"line":88,"column":null}},"55":{"start":{"line":91,"column":0},"end":{"line":92,"column":null}},"56":{"start":{"line":94,"column":0},"end":{"line":94,"column":null}},"57":{"start":{"line":97,"column":0},"end":{"line":98,"column":null}},"58":{"start":{"line":107,"column":0},"end":{"line":107,"column":null}},"59":{"start":{"line":109,"column":0},"end":{"line":109,"column":null}}},"fnMap":{"0":{"name":"(anonymous_4)","decl":{"start":{"line":2,"column":0},"end":{"line":2,"column":null}},"loc":{"start":{"line":2,"column":0},"end":{"line":14,"column":null}}},"1":{"name":"extendStatics","decl":{"start":{"line":3,"column":0},"end":{"line":3,"column":null}},"loc":{"start":{"line":3,"column":0},"end":{"line":8,"column":null}}},"2":{"name":"(anonymous_6)","decl":{"start":{"line":5,"column":0},"end":{"line":5,"column":null}},"loc":{"start":{"line":5,"column":0},"end":{"line":5,"column":null}}},"3":{"name":"(anonymous_8)","decl":{"start":{"line":9,"column":0},"end":{"line":9,"column":null}},"loc":{"start":{"line":9,"column":0},"end":{"line":13,"column":null}}},"4":{"name":"__","decl":{"start":{"line":11,"column":0},"end":{"line":11,"column":null}},"loc":{"start":{"line":11,"column":0},"end":{"line":11,"column":null}}},"5":{"name":"(anonymous_10)","decl":{"start":{"line":15,"column":0},"end":{"line":15,"column":null}},"loc":{"start":{"line":15,"column":0},"end":{"line":20,"column":null}}},"6":{"name":"(anonymous_11)","decl":{"start":{"line":24,"column":0},"end":{"line":24,"column":null}},"loc":{"start":{"line":24,"column":0},"end":{"line":28,"column":null}}},"7":{"name":"(anonymous_12)","decl":{"start":{"line":29,"column":0},"end":{"line":29,"column":null}},"loc":{"start":{"line":29,"column":0},"end":{"line":108,"column":null}}},"8":{"name":"CompleteSelect","decl":{"start":{"line":31,"column":0},"end":{"line":31,"column":null}},"loc":{"start":{"line":31,"column":0},"end":{"line":36,"column":null}}},"9":{"name":"(anonymous_14)","decl":{"start":{"line":37,"column":0},"end":{"line":37,"column":null}},"loc":{"start":{"line":37,"column":0},"end":{"line":46,"column":null}}},"10":{"name":"get","decl":{"start":{"line":49,"column":0},"end":{"line":49,"column":null}},"loc":{"start":{"line":49,"column":0},"end":{"line":53,"column":null}}},"11":{"name":"(anonymous_16)","decl":{"start":{"line":51,"column":0},"end":{"line":51,"column":null}},"loc":{"start":{"line":51,"column":0},"end":{"line":52,"column":null}}},"12":{"name":"get","decl":{"start":{"line":58,"column":0},"end":{"line":58,"column":null}},"loc":{"start":{"line":58,"column":0},"end":{"line":60,"column":null}}},"13":{"name":"(anonymous_18)","decl":{"start":{"line":64,"column":0},"end":{"line":64,"column":null}},"loc":{"start":{"line":64,"column":0},"end":{"line":68,"column":null}}},"14":{"name":"(anonymous_19)","decl":{"start":{"line":69,"column":0},"end":{"line":69,"column":null}},"loc":{"start":{"line":69,"column":0},"end":{"line":72,"column":null}}},"15":{"name":"(anonymous_20)","decl":{"start":{"line":73,"column":0},"end":{"line":73,"column":null}},"loc":{"start":{"line":73,"column":0},"end":{"line":77,"column":null}}},"16":{"name":"(anonymous_21)","decl":{"start":{"line":78,"column":0},"end":{"line":78,"column":null}},"loc":{"start":{"line":78,"column":0},"end":{"line":81,"column":null}}}},"branchMap":{"0":{"loc":{"start":{"line":2,"column":0},"end":{"line":2,"column":null}},"type":"binary-expr","locations":[{"start":{"line":2,"column":0},"end":{"line":2,"column":null}},{"start":{"line":2,"column":0},"end":{"line":2,"column":null}},{"start":{"line":2,"column":0},"end":{"line":14,"column":null}}]},"1":{"loc":{"start":{"line":4,"column":0},"end":{"line":4,"column":null}},"type":"binary-expr","locations":[{"start":{"line":4,"column":0},"end":{"line":4,"column":null}},{"start":{"line":4,"column":0},"end":{"line":5,"column":null}},{"start":{"line":5,"column":0},"end":{"line":5,"column":null}},{"start":{"line":5,"column":0},"end":{"line":6,"column":null}}]},"2":{"loc":{"start":{"line":6,"column":0},"end":{"line":6,"column":null}},"type":"if","locations":[{"start":{"line":6,"column":0},"end":{"line":6,"column":null}},{"start":{"line":6,"column":0},"end":{"line":6,"column":null}}]},"3":{"loc":{"start":{"line":12,"column":0},"end":{"line":12,"column":null}},"type":"cond-expr","locations":[{"start":{"line":12,"column":0},"end":{"line":12,"column":null}},{"start":{"line":12,"column":0},"end":{"line":12,"column":null}}]},"4":{"loc":{"start":{"line":15,"column":0},"end":{"line":15,"column":null}},"type":"binary-expr","locations":[{"start":{"line":15,"column":0},"end":{"line":15,"column":null}},{"start":{"line":15,"column":0},"end":{"line":15,"column":null}},{"start":{"line":15,"column":0},"end":{"line":20,"column":null}}]},"5":{"loc":{"start":{"line":16,"column":0},"end":{"line":16,"column":null}},"type":"cond-expr","locations":[{"start":{"line":16,"column":0},"end":{"line":16,"column":null}},{"start":{"line":16,"column":0},"end":{"line":16,"column":null}}]},"6":{"loc":{"start":{"line":17,"column":0},"end":{"line":18,"column":null}},"type":"if","locations":[{"start":{"line":17,"column":0},"end":{"line":18,"column":null}},{"start":{"line":17,"column":0},"end":{"line":18,"column":null}}]},"7":{"loc":{"start":{"line":17,"column":0},"end":{"line":17,"column":null}},"type":"binary-expr","locations":[{"start":{"line":17,"column":0},"end":{"line":17,"column":null}},{"start":{"line":17,"column":0},"end":{"line":17,"column":null}}]},"8":{"loc":{"start":{"line":18,"column":0},"end":{"line":18,"column":null}},"type":"if","locations":[{"start":{"line":18,"column":0},"end":{"line":18,"column":null}},{"start":{"line":18,"column":0},"end":{"line":18,"column":null}}]},"9":{"loc":{"start":{"line":19,"column":0},"end":{"line":19,"column":null}},"type":"binary-expr","locations":[{"start":{"line":19,"column":0},"end":{"line":19,"column":null}},{"start":{"line":19,"column":0},"end":{"line":19,"column":null}},{"start":{"line":19,"column":0},"end":{"line":19,"column":null}}]},"10":{"loc":{"start":{"line":28,"column":0},"end":{"line":28,"column":null}},"type":"binary-expr","locations":[{"start":{"line":28,"column":0},"end":{"line":28,"column":null}},{"start":{"line":28,"column":0},"end":{"line":28,"column":null}}]},"11":{"loc":{"start":{"line":32,"column":0},"end":{"line":32,"column":null}},"type":"binary-expr","locations":[{"start":{"line":32,"column":0},"end":{"line":32,"column":null}},{"start":{"line":32,"column":0},"end":{"line":32,"column":null}},{"start":{"line":32,"column":0},"end":{"line":32,"column":null}}]},"12":{"loc":{"start":{"line":38,"column":0},"end":{"line":43,"column":null}},"type":"if","locations":[{"start":{"line":38,"column":0},"end":{"line":43,"column":null}},{"start":{"line":38,"column":0},"end":{"line":43,"column":null}}]},"13":{"loc":{"start":{"line":40,"column":0},"end":{"line":43,"column":null}},"type":"if","locations":[{"start":{"line":40,"column":0},"end":{"line":43,"column":null}},{"start":{"line":40,"column":0},"end":{"line":43,"column":null}}]},"14":{"loc":{"start":{"line":51,"column":0},"end":{"line":51,"column":null}},"type":"binary-expr","locations":[{"start":{"line":51,"column":0},"end":{"line":51,"column":null}},{"start":{"line":51,"column":0},"end":{"line":52,"column":null}}]},"15":{"loc":{"start":{"line":65,"column":0},"end":{"line":67,"column":null}},"type":"if","locations":[{"start":{"line":65,"column":0},"end":{"line":67,"column":null}},{"start":{"line":65,"column":0},"end":{"line":67,"column":null}}]},"16":{"loc":{"start":{"line":65,"column":0},"end":{"line":65,"column":null}},"type":"binary-expr","locations":[{"start":{"line":65,"column":0},"end":{"line":65,"column":null}},{"start":{"line":65,"column":0},"end":{"line":65,"column":null}}]},"17":{"loc":{"start":{"line":74,"column":0},"end":{"line":76,"column":null}},"type":"if","locations":[{"start":{"line":74,"column":0},"end":{"line":76,"column":null}},{"start":{"line":74,"column":0},"end":{"line":76,"column":null}}]}},"s":{"0":1,"1":1,"2":1,"3":0,"4":0,"5":1,"6":1,"7":1,"8":1,"9":1,"10":1,"11":12,"12":12,"13":6,"14":12,"15":6,"16":1,"17":1,"18":1,"19":1,"20":1,"21":1,"22":1,"23":1,"24":8,"25":8,"26":8,"27":8,"28":1,"29":7,"30":1,"31":6,"32":6,"33":7,"34":1,"35":6,"36":6,"37":30,"38":1,"39":9,"40":1,"41":8,"42":0,"43":1,"44":1,"45":1,"46":1,"47":1,"48":0,"49":1,"50":4,"51":4,"52":1,"53":1,"54":1,"55":1,"56":1,"57":1,"58":1,"59":1},"f":{"0":1,"1":1,"2":0,"3":1,"4":1,"5":6,"6":1,"7":1,"8":8,"9":7,"10":6,"11":30,"12":9,"13":8,"14":1,"15":1,"16":4},"b":{"0":[1,0,1],"1":[1,0,0,0],"2":[0,0],"3":[0,1],"4":[1,0,1],"5":[2,9],"6":[0,6],"7":[6,12],"8":[18,10],"9":[6,5,1],"10":[1,1],"11":[8,8,8],"12":[1,6],"13":[6,0],"14":[6,6],"15":[0,8],"16":[8,0],"17":[0,1]}}
}
