TN:
SF:src/myplugin/completeSelect.vue
FN:2,(anonymous_4)
FN:3,extendStatics
FN:5,(anonymous_6)
FN:9,(anonymous_8)
FN:11,__
FN:15,(anonymous_10)
FN:24,(anonymous_11)
FN:29,(anonymous_12)
FN:31,CompleteSelect
FN:37,(anonymous_14)
FN:49,get
FN:51,(anonymous_16)
FN:58,get
FN:64,(anonymous_18)
FN:69,(anonymous_19)
FN:73,(anonymous_20)
FN:78,(anonymous_21)
FNF:17
FNH:16
FNDA:1,(anonymous_4)
FNDA:1,extendStatics
FNDA:0,(anonymous_6)
FNDA:1,(anonymous_8)
FNDA:1,__
FNDA:6,(anonymous_10)
FNDA:1,(anonymous_11)
FNDA:1,(anonymous_12)
FNDA:8,CompleteSelect
FNDA:7,(anonymous_14)
FNDA:6,get
FNDA:30,(anonymous_16)
FNDA:9,get
FNDA:8,(anonymous_18)
FNDA:1,(anonymous_19)
FNDA:1,(anonymous_20)
FNDA:4,(anonymous_21)
DA:2,1
DA:3,1
DA:4,1
DA:5,0
DA:6,0
DA:7,1
DA:9,1
DA:10,1
DA:11,1
DA:12,1
DA:15,1
DA:16,12
DA:17,12
DA:18,12
DA:19,6
DA:21,1
DA:22,1
DA:24,1
DA:25,1
DA:26,1
DA:27,1
DA:29,1
DA:30,1
DA:32,8
DA:33,8
DA:34,8
DA:35,8
DA:37,1
DA:38,7
DA:39,1
DA:40,6
DA:42,6
DA:45,7
DA:47,1
DA:50,6
DA:51,6
DA:52,30
DA:57,1
DA:59,9
DA:64,1
DA:65,8
DA:66,0
DA:69,1
DA:70,1
DA:71,1
DA:73,1
DA:74,1
DA:75,0
DA:78,1
DA:79,4
DA:80,4
DA:82,1
DA:85,1
DA:88,1
DA:91,1
DA:94,1
DA:97,1
DA:107,1
DA:109,1
LF:59
LH:55
BRDA:2,0,0,1
BRDA:2,0,1,0
BRDA:2,0,2,1
BRDA:4,1,0,1
BRDA:4,1,1,0
BRDA:4,1,2,0
BRDA:4,1,3,0
BRDA:6,2,0,0
BRDA:6,2,1,0
BRDA:12,3,0,0
BRDA:12,3,1,1
BRDA:15,4,0,1
BRDA:15,4,1,0
BRDA:15,4,2,1
BRDA:16,5,0,2
BRDA:16,5,1,9
BRDA:17,6,0,0
BRDA:17,6,1,6
BRDA:17,7,0,6
BRDA:17,7,1,12
BRDA:18,8,0,18
BRDA:18,8,1,10
BRDA:19,9,0,6
BRDA:19,9,1,5
BRDA:19,9,2,1
BRDA:28,10,0,1
BRDA:28,10,1,1
BRDA:32,11,0,8
BRDA:32,11,1,8
BRDA:32,11,2,8
BRDA:38,12,0,1
BRDA:38,12,1,6
BRDA:40,13,0,6
BRDA:40,13,1,0
BRDA:51,14,0,6
BRDA:51,14,1,6
BRDA:65,15,0,0
BRDA:65,15,1,8
BRDA:65,16,0,8
BRDA:65,16,1,0
BRDA:74,17,0,0
BRDA:74,17,1,1
BRF:42
BRH:29
end_of_record
